00011
JAXWINWS022
0
1920
1080
1

Point 0 horizontal on pass0
r - 123117112111112118117117116115114114113113113 g - 169164161160159165165165165165164166167167168 b - 218204190184181185182182183182182182181181183
Point 0 vertical
r - 114115114115114114116116116119124131114413 g - 1661661661661641631651651651661681721517236 b - 17917917818118218418618118018518919618412093
Point 1 horizontal on pass0
r - 2322322322322322322322322321424848484747 g - 2322322322322322322322322321556666666666 b - 2362362362362362362362362361889796969696
Point 1 vertical
r - 232232232232232232232232232232232232232232232 g - 232232232232232232232232232232232232232232232 b - 236236236236236236236236236236236236236236236
Point 2 horizontal on pass0
r - 126120118117117119115112112111118118115115116 g - 173167166165166168171171172173171172173173172 b - 199192190188186187188186185185187187187187186
Point 2 vertical
r - 11411211011311411511912012213013871502 g - 170169168170171168171171171179184113454246 b - 18618318218318418418718718619620915195106119
Point 3 horizontal on pass0
r - 2322322322322322322322322321424848484747 g - 2322322322322322322322322321556666666666 b - 2362362362362362362362362361889796969696
Point 3 vertical
r - 232232232232232232232232232232232232232232232 g - 232232232232232232232232232232232232232232232 b - 236236236236236236236236236236236236236236236
Point 4 horizontal on pass0
r - 001257200020000 g - 777984909389756260697474747373 b - 201203207210211209199187186195201202204204203
Point 4 vertical
r - 001000000000000 g - 636871726563626058616265677274 b - 194198202202195191191189187186186188190191190
Point 0 horizontal on pass1
r - 181194203216223224223224223223223223223223223 g - 184197206219226226226227226226226226226226226 b - 181193203216223223223223223223223223223223223
Point 0 vertical
r - 224224224224224224224224224224224224224224224 g - 227227227227227227227227227227227227227226226 b - 224224224223223223223223223223223223223223223
Point 1 horizontal on pass1
r - 2322322322322322322322322321424848484747 g - 2322322322322322322322322321556666666666 b - 2362362362362362362362362361889796969696
Point 1 vertical
r - 232232232232232232232232232232232232232232232 g - 232232232232232232232232232232232232232232232 b - 236236236236236236236236236236236236236236236
Point 2 horizontal on pass1
r - 181193202215222224223224223223223223223223223 g - 184195205218225227226227226226226226226226226 b - 181192201214222223223223223223223223223223223
Point 2 vertical
r - 224224224224224224224224224224224224224224224 g - 227227227227227227227227227227227228228228228 b - 221222222223223224224224224223220219219219219
Point 3 horizontal on pass1
r - 2322322322322322322322322321424848484747 g - 2322322322322322322322322321556666666666 b - 2362362362362362362362362361889796969696
Point 3 vertical
r - 232232232232232232232232232232232232232232232 g - 232232232232232232232232232232232232232232232 b - 236236236236236236236236236236236236236236236
Point 4 horizontal on pass1
r - 163161161160159158159160160161161139936967 g - 1901901901891881891881891891901901681229997 b - 153151151151151152151151150151151130825450
Point 4 vertical
r - 162162161162162161162163164165163163157143146 g - 189188188189187187188189190190187188183169172 b - 153152152152151150151153153153151152147133136