9/5/2017 3:16:17 PM	CPU - 0
			Memory - 84.43475
			Disk - 0

9/5/2017 3:16:17 PM	CPU - 11.141
			Memory - 84.46676
			Disk - 5.960709

9/5/2017 3:16:18 PM	CPU - 7.912525
			Memory - 84.4735
			Disk - 20.02122

9/5/2017 3:16:18 PM	CPU - 9.555419
			Memory - 84.45443
			Disk - 0

9/5/2017 3:16:19 PM	CPU - 8.896277
			Memory - 84.45014
			Disk - 2.430434

9/5/2017 3:16:19 PM	CPU - 7.48882
			Memory - 84.44808
			Disk - 0.1591205

9/5/2017 3:16:20 PM	CPU - 4.954748
			Memory - 84.45446
			Disk - 0

9/5/2017 3:16:20 PM	CPU - 9.480781
			Memory - 84.45072
			Disk - 0.09312314

9/5/2017 3:16:21 PM	CPU - 5.661191
			Memory - 84.45752
			Disk - 3.943124

9/5/2017 3:16:21 PM	CPU - 0
			Memory - 84.45674
			Disk - 0

9/5/2017 3:16:22 PM	CPU - 2.619988
			Memory - 84.4561
			Disk - 0.06666809

9/5/2017 3:16:22 PM	CPU - 6.559661
			Memory - 84.43407
			Disk - 0.05837406

9/5/2017 3:16:23 PM	CPU - 2.477911
			Memory - 84.43864
			Disk - 3.795519

9/5/2017 3:16:23 PM	CPU - 6.327205
			Memory - 84.44276
			Disk - 0.06586571

9/5/2017 3:16:24 PM	CPU - 1.739291
			Memory - 84.43568
			Disk - 0

9/5/2017 3:16:24 PM	CPU - 4.845476
			Memory - 84.43568
			Disk - 0

9/5/2017 3:16:25 PM	CPU - 5.649459
			Memory - 84.43568
			Disk - 5.199051

9/5/2017 3:16:25 PM	CPU - 5.594489
			Memory - 84.44811
			Disk - 0

9/5/2017 3:16:26 PM	CPU - 4.815922
			Memory - 84.45149
			Disk - 0

9/5/2017 3:16:26 PM	CPU - 7.189241
			Memory - 84.43446
			Disk - 0.1708491

9/5/2017 3:16:27 PM	CPU - 7.149088
			Memory - 84.42821
			Disk - 0.2966036

9/5/2017 3:16:27 PM	CPU - 7.165182
			Memory - 84.42821
			Disk - 0.07976492

9/5/2017 3:16:28 PM	CPU - 14.2164
			Memory - 84.59661
			Disk - 7.713502

9/5/2017 3:16:28 PM	CPU - 7.215771
			Memory - 84.461
			Disk - 32.02617

9/5/2017 3:16:29 PM	CPU - 5.636801
			Memory - 84.46212
			Disk - 46.13829

9/5/2017 3:16:29 PM	CPU - 7.33339
			Memory - 84.46245
			Disk - 129.4887

9/5/2017 3:16:30 PM	CPU - 13.49177
			Memory - 84.45852
			Disk - 147.4749

9/5/2017 3:16:30 PM	CPU - 14.13509
			Memory - 84.48103
			Disk - 13.08722

9/5/2017 3:16:31 PM	CPU - 2.464743
			Memory - 84.49123
			Disk - 0.09140662

9/5/2017 3:16:31 PM	CPU - 3.21383
			Memory - 84.47964
			Disk - 0

9/5/2017 3:16:32 PM	CPU - 4.121258
			Memory - 84.46538
			Disk - 0.7964339

9/5/2017 3:16:32 PM	CPU - 6.366274
			Memory - 84.46116
			Disk - 0.0975988

9/5/2017 3:16:33 PM	CPU - 7.975696
			Memory - 84.46319
			Disk - 2.433285

9/5/2017 3:16:33 PM	CPU - 9.807276
			Memory - 84.46766
			Disk - 8.324531

9/5/2017 3:16:34 PM	CPU - 7.122262
			Memory - 84.46766
			Disk - 0.088793

9/5/2017 3:16:34 PM	CPU - 5.667442
			Memory - 84.46312
			Disk - 0.1546343

9/5/2017 3:16:35 PM	CPU - 8.735567
			Memory - 84.46766
			Disk - 3.617719

9/5/2017 3:16:35 PM	CPU - 1.686159
			Memory - 84.47298
			Disk - 0

9/5/2017 3:16:36 PM	CPU - 16.55234
			Memory - 84.4762
			Disk - 0.1549977

9/5/2017 3:16:36 PM	CPU - 3.399616
			Memory - 84.4762
			Disk - 0.09262208

9/5/2017 3:16:37 PM	CPU - 8.76479
			Memory - 84.47797
			Disk - 0.5297988

9/5/2017 3:16:37 PM	CPU - 11.89523
			Memory - 84.45468
			Disk - 0

9/5/2017 3:16:38 PM	CPU - 30.56526
			Memory - 84.45288
			Disk - 0.1622145

9/5/2017 3:16:38 PM	CPU - 27.42482
			Memory - 84.47894
			Disk - 16.28199

9/5/2017 3:16:39 PM	CPU - 28.25598
			Memory - 84.50257
			Disk - 0.1308411

9/5/2017 3:16:39 PM	CPU - 26.63512
			Memory - 84.50795
			Disk - 0.07626809

9/5/2017 3:16:40 PM	CPU - 38.36333
			Memory - 84.49433
			Disk - 1.040473

9/5/2017 3:16:40 PM	CPU - 26.74508
			Memory - 84.5038
			Disk - 39.34147

9/5/2017 3:16:41 PM	CPU - 32.12051
			Memory - 84.50215
			Disk - 0.2634481

9/5/2017 3:16:41 PM	CPU - 26.73035
			Memory - 84.4913
			Disk - 0.09729513

9/5/2017 3:16:42 PM	CPU - 27.48168
			Memory - 84.49091
			Disk - 0.3449639

9/5/2017 3:16:42 PM	CPU - 32.12502
			Memory - 84.49752
			Disk - 0.07721332

9/5/2017 3:16:43 PM	CPU - 32.14832
			Memory - 84.49323
			Disk - 0.08141953

9/5/2017 3:16:43 PM	CPU - 34.45586
			Memory - 84.49974
			Disk - 9.106346

9/5/2017 3:16:44 PM	CPU - 32.13141
			Memory - 84.53323
			Disk - 14.93797

9/5/2017 3:16:44 PM	CPU - 28.25473
			Memory - 84.53626
			Disk - 0.1962283

9/5/2017 3:16:45 PM	CPU - 31.49735
			Memory - 84.5323
			Disk - 6.695643

9/5/2017 3:16:45 PM	CPU - 30.58557
			Memory - 84.54676
			Disk - 0.07185908

9/5/2017 3:16:46 PM	CPU - 29.81342
			Memory - 84.54657
			Disk - 0

9/5/2017 3:16:46 PM	CPU - 30.54879
			Memory - 84.53732
			Disk - 0.05260727

9/5/2017 3:16:47 PM	CPU - 33.71142
			Memory - 84.54637
			Disk - 40.18458

9/5/2017 3:16:47 PM	CPU - 28.25841
			Memory - 84.53642
			Disk - 0.08454297

9/5/2017 3:16:48 PM	CPU - 29.83382
			Memory - 84.53526
			Disk - 0.3659623

9/5/2017 3:16:48 PM	CPU - 26.6845
			Memory - 84.53526
			Disk - 0

9/5/2017 3:16:49 PM	CPU - 26.64684
			Memory - 84.56093
			Disk - 6.152746

9/5/2017 3:16:49 PM	CPU - 18.11471
			Memory - 84.56673
			Disk - 3.666444

9/5/2017 3:16:50 PM	CPU - 4.87408
			Memory - 84.56084
			Disk - 0.2920671

9/5/2017 3:16:50 PM	CPU - 6.320354
			Memory - 84.56444
			Disk - 0

9/5/2017 3:16:51 PM	CPU - 5.59051
			Memory - 84.55945
			Disk - 9.874326

9/5/2017 3:16:51 PM	CPU - 3.28964
			Memory - 84.55945
			Disk - 0.1007884

9/5/2017 3:16:52 PM	CPU - 4.877536
			Memory - 84.55893
			Disk - 0.2312404

9/5/2017 3:16:52 PM	CPU - 6.636116
			Memory - 84.55893
			Disk - 0

9/5/2017 3:16:53 PM	CPU - 5.551231
			Memory - 84.55758
			Disk - 0.09700297

9/5/2017 3:16:53 PM	CPU - 13.46414
			Memory - 84.55536
			Disk - 9.737667

9/5/2017 3:16:54 PM	CPU - 7.958
			Memory - 84.57095
			Disk - 6.573788

9/5/2017 3:16:54 PM	CPU - 4.006687
			Memory - 84.57391
			Disk - 0

9/5/2017 3:16:55 PM	CPU - 12.61564
			Memory - 84.56032
			Disk - 0.3683805

9/5/2017 3:16:55 PM	CPU - 6.431915
			Memory - 84.55414
			Disk - 0

9/5/2017 3:16:56 PM	CPU - 5.637669
			Memory - 84.55033
			Disk - 0.09982132

9/5/2017 3:16:56 PM	CPU - 5.73282
			Memory - 84.55578
			Disk - 0.07508964

9/5/2017 3:16:57 PM	CPU - 1.748235
			Memory - 84.55008
			Disk - 0.1074268

9/5/2017 3:16:57 PM	CPU - 8.722844
			Memory - 84.54695
			Disk - 0.09848408

9/5/2017 3:16:58 PM	CPU - 5.060196
			Memory - 84.54524
			Disk - 0.08538537

9/5/2017 3:16:58 PM	CPU - 6.460538
			Memory - 84.53661
			Disk - 0.08575457

9/5/2017 3:16:59 PM	CPU - 4.873093
			Memory - 84.54151
			Disk - 0.1393354

9/5/2017 3:16:59 PM	CPU - 10.32137
			Memory - 84.5741
			Disk - 6.777597

9/5/2017 3:17:00 PM	CPU - 11.11314
			Memory - 84.58134
			Disk - 0

9/5/2017 3:17:00 PM	CPU - 15.78301
			Memory - 84.81638
			Disk - 13.88413

9/5/2017 3:17:01 PM	CPU - 12.65207
			Memory - 84.72051
			Disk - 9.477098

9/5/2017 3:17:01 PM	CPU - 20.46838
			Memory - 84.57899
			Disk - 26.61519

9/5/2017 3:17:02 PM	CPU - 25.14553
			Memory - 84.57693
			Disk - 118.4079

9/5/2017 3:17:02 PM	CPU - 21.22726
			Memory - 84.58012
			Disk - 81.84471

9/5/2017 3:17:03 PM	CPU - 14.97707
			Memory - 84.58134
			Disk - 89.98111

9/5/2017 3:17:03 PM	CPU - 8.719872
			Memory - 84.57784
			Disk - 87.84354

9/5/2017 3:17:04 PM	CPU - 16.54448
			Memory - 84.56882
			Disk - 90.42625

9/5/2017 3:17:04 PM	CPU - 11.9714
			Memory - 84.65591
			Disk - 38.38938

9/5/2017 3:17:05 PM	CPU - 9.481124
			Memory - 84.65832
			Disk - 0

9/5/2017 3:17:05 PM	CPU - 3.298618
			Memory - 84.65549
			Disk - 0.08125412

9/5/2017 3:17:06 PM	CPU - 14.93236
			Memory - 84.65845
			Disk - 4.008704

9/5/2017 3:17:06 PM	CPU - 0.8992296
			Memory - 84.65694
			Disk - 8.755358

9/5/2017 3:17:07 PM	CPU - 11.87961
			Memory - 84.64869
			Disk - 0.885415

9/5/2017 3:17:07 PM	CPU - 8.797725
			Memory - 84.65401
			Disk - 0.1034724

9/5/2017 3:17:08 PM	CPU - 1.672371
			Memory - 84.64396
			Disk - 0.03613962

9/5/2017 3:17:08 PM	CPU - 7.259863
			Memory - 84.63713
			Disk - 0.4084331

9/5/2017 3:17:09 PM	CPU - 3.996484
			Memory - 84.63452
			Disk - 0

9/5/2017 3:17:09 PM	CPU - 7.955096
			Memory - 84.63494
			Disk - 0

9/5/2017 3:17:10 PM	CPU - 10.27708
			Memory - 84.65214
			Disk - 5.706255

9/5/2017 3:17:10 PM	CPU - 7.920031
			Memory - 84.65439
			Disk - 0

9/5/2017 3:17:11 PM	CPU - 7.943018
			Memory - 84.64959
			Disk - 0.3488654

9/5/2017 3:17:11 PM	CPU - 6.396994
			Memory - 84.64946
			Disk - 0

9/5/2017 3:17:12 PM	CPU - 7.154763
			Memory - 84.65488
			Disk - 0.1862154

9/5/2017 3:17:12 PM	CPU - 5.620879
			Memory - 84.65333
			Disk - 0.1543869

9/5/2017 3:17:13 PM	CPU - 7.281877
			Memory - 84.65127
			Disk - 0.2042721

9/5/2017 3:17:13 PM	CPU - 2.565773
			Memory - 84.63703
			Disk - 0

9/5/2017 3:17:14 PM	CPU - 4.172087
			Memory - 84.64466
			Disk - 0.1519185

9/5/2017 3:17:14 PM	CPU - 7.96502
			Memory - 84.64183
			Disk - 0

9/5/2017 3:17:15 PM	CPU - 8.732722
			Memory - 84.64186
			Disk - 0.1002128

9/5/2017 3:17:15 PM	CPU - 5.568065
			Memory - 84.66055
			Disk - 5.135679

9/5/2017 3:17:16 PM	CPU - 3.266309
			Memory - 84.64086
			Disk - 0

9/5/2017 3:17:16 PM	CPU - 7.165034
			Memory - 84.6476
			Disk - 0.3062786

9/5/2017 3:17:17 PM	CPU - 1.757962
			Memory - 84.64553
			Disk - 0.09632805

