10000
JAXWINWS022
1
1920
1080
0

Point 0 horizontal on pass0
r - 249249249102102102102249249249249249249249249 g - 2492492004217017042200249249249249249249249 b - 249249135135230230135135249249249249249249249
Point 0 vertical
r - 249249102230249249249249424242135249249135 g - 24922610124924924924920042424220024924942 b - 249169169249249249249135424242249249203135
Point 1 horizontal on pass0
r - 249249249249249249249249249249249249249249249 g - 249249249249249249249249249249249249249249249 b - 249249249249249249249249249249249249249249249
Point 1 vertical
r - 249249249249249249249249249249249249249249249 g - 249249249249249249249249249249249249249249249 b - 249249249249249249249249249249249249249249249
Point 2 horizontal on pass0
r - 255255255255255255255255255255255255255255255 g - 255255255255255255255255255255255255255255255 b - 255255255255255255255255255255255255255255255
Point 2 vertical
r - 255255255255255255255255255255255255255255255 g - 255255255255255255255255255255255255255255255 b - 255255255255255255255255255255255255255255255
Point 3 horizontal on pass0
r - 255255255255255255255255255255255255255255255 g - 255255255255255255255255255255255255255255255 b - 255255255255255255255255255255255255255255255
Point 3 vertical
r - 255255255255255255255255255255255255255255255 g - 255255255255255255255255255255255255255255255 b - 255255255255255255255255255255255255255255255
Point 4 horizontal on pass0
r - 24924924924925525525525546464646464646 g - 249249249249255255255255150150150150150150150 b - 249249249249255255255255185185185185185185185
Point 4 vertical
r - 255255255255255255255255255255255255255255255 g - 255255255255255255255255255255255255255255255 b - 255255255255255255255255255255255255255255255
Point 0 horizontal on pass1
r - 249249249102102102102249249249249249249249249 g - 2492492004217017042200249249249249249249249 b - 249249135135230230135135249249249249249249249
Point 0 vertical
r - 249249102230249249249249424242135249249135 g - 24922610124924924924920042424220024924942 b - 249169169249249249249135424242249249203135
Point 1 horizontal on pass1
r - 249249249249249249249249249249249249249249249 g - 249249249249249249249249249249249249249249249 b - 249249249249249249249249249249249249249249249
Point 1 vertical
r - 249249249249249249249249249249249249249249249 g - 249249249249249249249249249249249249249249249 b - 249249249249249249249249249249249249249249249
Point 2 horizontal on pass1
r - 255255255255255255255255255255255255255255255 g - 255255255255255255255255255255255255255255255 b - 255255255255255255255255255255255255255255255
Point 2 vertical
r - 255255255255255255255255255255255255255255255 g - 255255255255255255255255255255255255255255255 b - 255255255255255255255255255255255255255255255
Point 3 horizontal on pass1
r - 255255255255255255255255255255255255255255255 g - 255255255255255255255255255255255255255255255 b - 255255255255255255255255255255255255255255255
Point 3 vertical
r - 255255255255255255255255255255255255255255255 g - 255255255255255255255255255255255255255255255 b - 255255255255255255255255255255255255255255255
Point 4 horizontal on pass1
r - 24924924924925525525525546464646464646 g - 249249249249255255255255150150150150150150150 b - 249249249249255255255255185185185185185185185
Point 4 vertical
r - 255255255255255255255255255255255255255255255 g - 255255255255255255255255255255255255255255255 b - 255255255255255255255255255255255255255255255