8/31/2017 11:43:45 AM	CPU - 0
			Memory - 82.55106
			Disk - 0

8/31/2017 11:43:46 AM	CPU - 24.23176
			Memory - 83.04459
			Disk - 10.05717

8/31/2017 11:43:47 AM	CPU - 9.656239
			Memory - 82.92387
			Disk - 9.175433

8/31/2017 11:43:47 AM	CPU - 18.23348
			Memory - 82.93302
			Disk - 1.537104

8/31/2017 11:43:48 AM	CPU - 13.51259
			Memory - 82.65147
			Disk - 22.33509

8/31/2017 11:43:48 AM	CPU - 9.132728
			Memory - 82.46761
			Disk - 19.36311

8/31/2017 11:43:49 AM	CPU - 2.120177
			Memory - 82.44772
			Disk - 0

8/31/2017 11:43:49 AM	CPU - 2.019614
			Memory - 82.44764
			Disk - 0

8/31/2017 11:43:50 AM	CPU - 8.6237
			Memory - 82.74291
			Disk - 25.27253

8/31/2017 11:43:50 AM	CPU - 0.728976
			Memory - 82.47315
			Disk - 21.11252

8/31/2017 11:43:51 AM	CPU - 10.39536
			Memory - 82.4698
			Disk - 13.36077

8/31/2017 11:43:51 AM	CPU - 5.882008
			Memory - 82.53199
			Disk - 36.81557

8/31/2017 11:43:52 AM	CPU - 1.766166
			Memory - 82.5275
			Disk - 0.4860414

8/31/2017 11:43:52 AM	CPU - 0.007737583
			Memory - 82.52977
			Disk - 0.6756908

8/31/2017 11:43:53 AM	CPU - 2.079702
			Memory - 82.52027
			Disk - 0

8/31/2017 11:43:53 AM	CPU - 3.039442
			Memory - 82.51907
			Disk - 0

8/31/2017 11:43:54 AM	CPU - 0
			Memory - 82.5024
			Disk - 1.399998

8/31/2017 11:43:54 AM	CPU - 4.563464
			Memory - 82.49784
			Disk - 0

8/31/2017 11:43:55 AM	CPU - 2.034706
			Memory - 82.49706
			Disk - 0

8/31/2017 11:43:55 AM	CPU - 1.526018
			Memory - 82.49471
			Disk - 11.90112

8/31/2017 11:43:56 AM	CPU - 0
			Memory - 82.49403
			Disk - 1.720852

8/31/2017 11:43:56 AM	CPU - 3.442731
			Memory - 82.50542
			Disk - 0.1551295

8/31/2017 11:43:57 AM	CPU - 4.332815
			Memory - 82.51035
			Disk - 0

8/31/2017 11:43:57 AM	CPU - 1.957534
			Memory - 82.50489
			Disk - 0

8/31/2017 11:43:58 AM	CPU - 3.797292
			Memory - 82.49449
			Disk - 0.1492412

8/31/2017 11:43:58 AM	CPU - 4.318474
			Memory - 82.48119
			Disk - 0

8/31/2017 11:43:59 AM	CPU - 0.7680161
			Memory - 82.49136
			Disk - 0

8/31/2017 11:43:59 AM	CPU - 0.3702963
			Memory - 82.49147
			Disk - 0.1205219

8/31/2017 11:44:00 AM	CPU - 2.2828
			Memory - 82.50301
			Disk - 0

8/31/2017 11:44:00 AM	CPU - 6.482373
			Memory - 82.50768
			Disk - 2.029337

8/31/2017 11:44:01 AM	CPU - 5.884705
			Memory - 82.49807
			Disk - 0.2532345

8/31/2017 11:44:01 AM	CPU - 5.163301
			Memory - 82.49083
			Disk - 19.371

8/31/2017 11:44:02 AM	CPU - 5.298503
			Memory - 82.48133
			Disk - 6.024182

8/31/2017 11:44:02 AM	CPU - 4.920825
			Memory - 82.47964
			Disk - 3.253257

8/31/2017 11:44:03 AM	CPU - 6.080733
			Memory - 82.4456
			Disk - 0

8/31/2017 11:44:03 AM	CPU - 6.923855
			Memory - 82.4453
			Disk - 26.65109

8/31/2017 11:44:04 AM	CPU - 3.04151
			Memory - 82.4453
			Disk - 0

8/31/2017 11:44:04 AM	CPU - 4.487373
			Memory - 82.44719
			Disk - 19.02485

8/31/2017 11:44:05 AM	CPU - 3.056192
			Memory - 82.44711
			Disk - 14.70682

8/31/2017 11:44:05 AM	CPU - 2.793504
			Memory - 82.451
			Disk - 0.1067087

8/31/2017 11:44:06 AM	CPU - 1.532491
			Memory - 82.451
			Disk - 0.1465536

8/31/2017 11:44:06 AM	CPU - 5.090971
			Memory - 82.45016
			Disk - 0

8/31/2017 11:44:07 AM	CPU - 5.313396
			Memory - 82.43497
			Disk - 0

8/31/2017 11:44:07 AM	CPU - 4.255418
			Memory - 82.45077
			Disk - 0.08537205

8/31/2017 11:44:08 AM	CPU - 2.283804
			Memory - 82.4496
			Disk - 0

8/31/2017 11:44:08 AM	CPU - 0.5357854
			Memory - 82.4496
			Disk - 0.05218894

8/31/2017 11:44:09 AM	CPU - 2.278441
			Memory - 82.44376
			Disk - 0

8/31/2017 11:44:09 AM	CPU - 1.170048
			Memory - 82.45322
			Disk - 0

8/31/2017 11:44:10 AM	CPU - 2.32269
			Memory - 82.44591
			Disk - 0.261975

8/31/2017 11:44:11 AM	CPU - 2.775147
			Memory - 82.44968
			Disk - 0.5250117

8/31/2017 11:44:11 AM	CPU - 3.799624
			Memory - 82.43961
			Disk - 0

8/31/2017 11:44:12 AM	CPU - 16.35384
			Memory - 82.51363
			Disk - 1.935006

8/31/2017 11:44:12 AM	CPU - 5.287555
			Memory - 82.48375
			Disk - 0

8/31/2017 11:44:13 AM	CPU - 0
			Memory - 82.48571
			Disk - 0.1867971

8/31/2017 11:44:13 AM	CPU - 16.3745
			Memory - 82.54096
			Disk - 0

8/31/2017 11:44:14 AM	CPU - 11.28312
			Memory - 82.53987
			Disk - 0

8/31/2017 11:44:14 AM	CPU - 3.146424
			Memory - 82.53067
			Disk - 5.791022

8/31/2017 11:44:15 AM	CPU - 4.16514
			Memory - 82.53203
			Disk - 0

8/31/2017 11:44:15 AM	CPU - 0.7683047
			Memory - 82.52943
			Disk - 0.1774741

8/31/2017 11:44:16 AM	CPU - 4.823912
			Memory - 82.52389
			Disk - 0.06645378

8/31/2017 11:44:16 AM	CPU - 3.786022
			Memory - 82.48315
			Disk - 0

8/31/2017 11:44:17 AM	CPU - 9.006193
			Memory - 82.49731
			Disk - 3.184603

8/31/2017 11:44:17 AM	CPU - 12.90427
			Memory - 82.50979
			Disk - 6.645948

8/31/2017 11:44:18 AM	CPU - 4.385868
			Memory - 82.47723
			Disk - 0.2435581

8/31/2017 11:44:18 AM	CPU - 3.793914
			Memory - 82.48212
			Disk - 12.03629

8/31/2017 11:44:19 AM	CPU - 1.457541
			Memory - 82.48898
			Disk - 0

8/31/2017 11:44:19 AM	CPU - 0.9587196
			Memory - 82.4456
			Disk - 0

8/31/2017 11:44:20 AM	CPU - 4.949744
			Memory - 82.44504
			Disk - 6.329756

8/31/2017 11:44:20 AM	CPU - 7.268134
			Memory - 82.45182
			Disk - 0.1267562

8/31/2017 11:44:21 AM	CPU - 0.6559713
			Memory - 82.45246
			Disk - 0

8/31/2017 11:44:21 AM	CPU - 9.599843
			Memory - 82.99706
			Disk - 5.198471

8/31/2017 11:44:22 AM	CPU - 10.3404
			Memory - 82.67296
			Disk - 28.5137

8/31/2017 11:44:22 AM	CPU - 4.178068
			Memory - 82.49053
			Disk - 29.52335

8/31/2017 11:44:23 AM	CPU - 10.37988
			Memory - 82.4816
			Disk - 32.04801

8/31/2017 11:44:23 AM	CPU - 12.26829
			Memory - 82.52863
			Disk - 13.23037

8/31/2017 11:44:24 AM	CPU - 0.9002059
			Memory - 82.52856
			Disk - 0

8/31/2017 11:44:24 AM	CPU - 4.880662
			Memory - 82.53365
			Disk - 0

8/31/2017 11:44:25 AM	CPU - 1.530486
			Memory - 82.52977
			Disk - 0

8/31/2017 11:44:25 AM	CPU - 0.3990511
			Memory - 82.51876
			Disk - 3.702958

8/31/2017 11:44:26 AM	CPU - 3.035475
			Memory - 82.52999
			Disk - 0

8/31/2017 11:44:26 AM	CPU - 7.655811
			Memory - 82.53599
			Disk - 0.5090898

8/31/2017 11:44:27 AM	CPU - 3.045477
			Memory - 82.53327
			Disk - 0

8/31/2017 11:44:27 AM	CPU - 2.159037
			Memory - 82.53327
			Disk - 0

8/31/2017 11:44:28 AM	CPU - 2.881871
			Memory - 82.52618
			Disk - 3.429199

8/31/2017 11:44:28 AM	CPU - 2.058979
			Memory - 82.52562
			Disk - 0

8/31/2017 11:44:29 AM	CPU - 2.990079
			Memory - 82.47507
			Disk - 0

8/31/2017 11:44:29 AM	CPU - 8.487695
			Memory - 82.48593
			Disk - 0.08508021

8/31/2017 11:44:30 AM	CPU - 18.51784
			Memory - 82.74517
			Disk - 0

8/31/2017 11:44:30 AM	CPU - 9.078172
			Memory - 82.72885
			Disk - 4.419891

8/31/2017 11:44:31 AM	CPU - 11.88502
			Memory - 82.72885
			Disk - 0

8/31/2017 11:44:31 AM	CPU - 11.98872
			Memory - 82.74879
			Disk - 0

8/31/2017 11:44:32 AM	CPU - 6.819258
			Memory - 82.74924
			Disk - 0.2438566

8/31/2017 11:44:32 AM	CPU - 4.648797
			Memory - 82.73975
			Disk - 0.1127619

